"DSP.c", line 29: Warning: C2260W: omitting trailing '\0' for char [5]
"DSP.c", line 22: Warning: C2260W: omitting trailing '\0' for char [5]
"DSP.c", line 22: Warning: C2260W: omitting trailing '\0' for char [5]
"DSP.c", line 22: Warning: C2260W: omitting trailing '\0' for char [5]
"DSP.c", line 22: Warning: C2260W: omitting trailing '\0' for char [5]
"DSP.c", line 22: Warning: C2260W: omitting trailing '\0' for char [5]
"DSP.c", line 22: Warning: C2260W: omitting trailing '\0' for char [5]
"DSP.c", line 22: Warning: C2260W: omitting trailing '\0' for char [5]
"DSP.c", line 23: Warning: C2260W: omitting trailing '\0' for char [5]
"DSP.c", line 23: Warning: C2260W: omitting trailing '\0' for char [5]
"DSP.c", line 23: Warning: C2260W: omitting trailing '\0' for char [5]
"DSP.c", line 23: Warning: C2260W: omitting trailing '\0' for char [5]
"DSP.c", line 23: Warning: C2260W: omitting trailing '\0' for char [5]
"DSP.c", line 23: Warning: C2260W: omitting trailing '\0' for char [5]
"DSP.c", line 23: Warning: C2260W: omitting trailing '\0' for char [5]
"DSP.c", line 24: Warning: C2260W: omitting trailing '\0' for char [5]
"DSP.c", line 24: Warning: C2260W: omitting trailing '\0' for char [5]
"DSP.c", line 24: Warning: C2260W: omitting trailing '\0' for char [5]
"DSP.c", line 24: Warning: C2260W: omitting trailing '\0' for char [5]
"DSP.c", line 24: Warning: C2260W: omitting trailing '\0' for char [5]
"DSP.c", line 24: Warning: C2260W: omitting trailing '\0' for char [5]
"DSP.c", line 24: Warning: C2260W: omitting trailing '\0' for char [5]
"DSP.c", line 25: Warning: C2260W: omitting trailing '\0' for char [5]
"DSP.c", line 25: Warning: C2260W: omitting trailing '\0' for char [5]
"DSP.c", line 25: Warning: C2260W: omitting trailing '\0' for char [5]
"DSP.c", line 25: Warning: C2260W: omitting trailing '\0' for char [5]
"DSP.c", line 25: Warning: C2260W: omitting trailing '\0' for char [5]
"DSP.c", line 25: Warning: C2260W: omitting trailing '\0' for char [5]
"DSP.c", line 25: Warning: C2260W: omitting trailing '\0' for char [5]
"DSP.c", line 26: Warning: C2260W: omitting trailing '\0' for char [5]
"DSP.c", line 26: Warning: C2260W: omitting trailing '\0' for char [5]
"DSP.c", line 26: Warning: C2260W: omitting trailing '\0' for char [5]
"DSP.c", line 26: Warning: C2260W: omitting trailing '\0' for char [5]
"DSP.c", line 26: Warning: C2260W: omitting trailing '\0' for char [5]
"DSP.c", line 26: Warning: C2260W: omitting trailing '\0' for char [5]
"DSP.c", line 26: Warning: C2260W: omitting trailing '\0' for char [5]
"DSP.c", line 27: Warning: C2260W: omitting trailing '\0' for char [5]
"DSP.c", line 27: Warning: C2260W: omitting trailing '\0' for char [5]
"DSP.c", line 27: Warning: C2260W: omitting trailing '\0' for char [5]
"DSP.c", line 27: Warning: C2260W: omitting trailing '\0' for char [5]
"DSP.c", line 27: Warning: C2260W: omitting trailing '\0' for char [5]
"DSP.c", line 27: Warning: C2260W: omitting trailing '\0' for char [5]
"DSP.c", line 27: Warning: C2260W: omitting trailing '\0' for char [5]
"DSP.c", line 28: Warning: C2260W: omitting trailing '\0' for char [5]
"DSP.c", line 28: Warning: C2260W: omitting trailing '\0' for char [5]
"DSP.c", line 28: Warning: C2260W: omitting trailing '\0' for char [5]
"DSP.c", line 28: Warning: C2260W: omitting trailing '\0' for char [5]
"DSP.c", line 28: Warning: C2260W: omitting trailing '\0' for char [5]
"DSP.c", line 28: Warning: C2260W: omitting trailing '\0' for char [5]
"DSP.c", line 38: Warning: C2260W: omitting trailing '\0' for char [6]
"DSP.c", line 31: Warning: C2260W: omitting trailing '\0' for char [6]
"DSP.c", line 31: Warning: C2260W: omitting trailing '\0' for char [6]
"DSP.c", line 31: Warning: C2260W: omitting trailing '\0' for char [6]
"DSP.c", line 31: Warning: C2260W: omitting trailing '\0' for char [6]
"DSP.c", line 31: Warning: C2260W: omitting trailing '\0' for char [6]
"DSP.c", line 31: Warning: C2260W: omitting trailing '\0' for char [6]
"DSP.c", line 31: Warning: C2260W: omitting trailing '\0' for char [6]
"DSP.c", line 32: Warning: C2260W: omitting trailing '\0' for char [6]
"DSP.c", line 32: Warning: C2260W: omitting trailing '\0' for char [6]
"DSP.c", line 32: Warning: C2260W: omitting trailing '\0' for char [6]
"DSP.c", line 32: Warning: C2260W: omitting trailing '\0' for char [6]
"DSP.c", line 32: Warning: C2260W: omitting trailing '\0' for char [6]
"DSP.c", line 32: Warning: C2260W: omitting trailing '\0' for char [6]
"DSP.c", line 32: Warning: C2260W: omitting trailing '\0' for char [6]
"DSP.c", line 33: Warning: C2260W: omitting trailing '\0' for char [6]
"DSP.c", line 33: Warning: C2260W: omitting trailing '\0' for char [6]
"DSP.c", line 33: Warning: C2260W: omitting trailing '\0' for char [6]
"DSP.c", line 33: Warning: C2260W: omitting trailing '\0' for char [6]
"DSP.c", line 33: Warning: C2260W: omitting trailing '\0' for char [6]
"DSP.c", line 33: Warning: C2260W: omitting trailing '\0' for char [6]
"DSP.c", line 33: Warning: C2260W: omitting trailing '\0' for char [6]
"DSP.c", line 34: Warning: C2260W: omitting trailing '\0' for char [6]
"DSP.c", line 34: Warning: C2260W: omitting trailing '\0' for char [6]
"DSP.c", line 34: Warning: C2260W: omitting trailing '\0' for char [6]
"DSP.c", line 34: Warning: C2260W: omitting trailing '\0' for char [6]
"DSP.c", line 34: Warning: C2260W: omitting trailing '\0' for char [6]
"DSP.c", line 34: Warning: C2260W: omitting trailing '\0' for char [6]
"DSP.c", line 34: Warning: C2260W: omitting trailing '\0' for char [6]
"DSP.c", line 35: Warning: C2260W: omitting trailing '\0' for char [6]
"DSP.c", line 35: Warning: C2260W: omitting trailing '\0' for char [6]
"DSP.c", line 35: Warning: C2260W: omitting trailing '\0' for char [6]
"DSP.c", line 35: Warning: C2260W: omitting trailing '\0' for char [6]
"DSP.c", line 35: Warning: C2260W: omitting trailing '\0' for char [6]
"DSP.c", line 35: Warning: C2260W: omitting trailing '\0' for char [6]
"DSP.c", line 35: Warning: C2260W: omitting trailing '\0' for char [6]
"DSP.c", line 36: Warning: C2260W: omitting trailing '\0' for char [6]
"DSP.c", line 36: Warning: C2260W: omitting trailing '\0' for char [6]
"DSP.c", line 36: Warning: C2260W: omitting trailing '\0' for char [6]
"DSP.c", line 36: Warning: C2260W: omitting trailing '\0' for char [6]
"DSP.c", line 36: Warning: C2260W: omitting trailing '\0' for char [6]
"DSP.c", line 36: Warning: C2260W: omitting trailing '\0' for char [6]
"DSP.c", line 36: Warning: C2260W: omitting trailing '\0' for char [6]
"DSP.c", line 37: Warning: C2260W: omitting trailing '\0' for char [6]
"DSP.c", line 37: Warning: C2260W: omitting trailing '\0' for char [6]
"DSP.c", line 37: Warning: C2260W: omitting trailing '\0' for char [6]
"DSP.c", line 37: Warning: C2260W: omitting trailing '\0' for char [6]
"DSP.c", line 37: Warning: C2260W: omitting trailing '\0' for char [6]
"DSP.c", line 37: Warning: C2260W: omitting trailing '\0' for char [6]
"DSP.c", line 68: Warning: C2260W: omitting trailing '\0' for char [7]
"DSP.c", line 61: Warning: C2260W: omitting trailing '\0' for char [7]
"DSP.c", line 61: Warning: C2260W: omitting trailing '\0' for char [7]
"DSP.c", line 61: Warning: C2260W: omitting trailing '\0' for char [7]
"DSP.c", line 61: Warning: C2260W: omitting trailing '\0' for char [7]
"DSP.c", line 62: Warning: C2260W: omitting trailing '\0' for char [7]
"DSP.c", line 62: Warning: C2260W: omitting trailing '\0' for char [7]
"DSP.c", line 62: Warning: C2260W: omitting trailing '\0' for char [7]
"DSP.c", line 62: Warning: C2260W: omitting trailing '\0' for char [7]
"DSP.c", line 63: Warning: C2260W: omitting trailing '\0' for char [7]
"DSP.c", line 63: Warning: C2260W: omitting trailing '\0' for char [7]
"DSP.c", line 63: Warning: C2260W: omitting trailing '\0' for char [7]
"DSP.c", line 63: Warning: C2260W: omitting trailing '\0' for char [7]
"DSP.c", line 65: Warning: C2260W: omitting trailing '\0' for char [7]
"DSP.c", line 65: Warning: C2260W: omitting trailing '\0' for char [7]
"DSP.c", line 65: Warning: C2260W: omitting trailing '\0' for char [7]
"DSP.c", line 65: Warning: C2260W: omitting trailing '\0' for char [7]
"DSP.c", line 67: Warning: C2260W: omitting trailing '\0' for char [7]
"DSP.c", line 67: Warning: C2260W: omitting trailing '\0' for char [7]
"DSP.c", line 67: Warning: C2260W: omitting trailing '\0' for char [7]
"DSP.c", line 1199: Warning: C2870W: variable 'str' declared but not used
"DSP.c", line 1199: Warning: C2870W: variable 'm' declared but not used
"DSP.c", line 1199: Warning: C2870W: variable 'k' declared but not used
"DSP.c", line 1199: Warning: C2870W: variable 'j' declared but not used
"DSP.c", line 1747: Warning: C2870W: variable 'z' declared but not used
"DSP.c", line 1747: Warning: C2870W: variable 'i' declared but not used
"DSP.c", line 1747: Warning: C2870W: variable 'q' declared but not used
"DSP.c", line 1800: Warning: C2870W: variable 'z' declared but not used
"DSP.c", line 1800: Warning: C2870W: variable 'i' declared but not used
"DSP.c", line 1800: Warning: C2870W: variable 'q' declared but not used
DSP.c: 128 warnings, 0 errors, 0 serious errors
